<?xml version="1.0" encoding="UTF-8"?>
<!-- Generated by org.testng.reporters.JUnitXMLReporter -->
<testsuite ignored="0" hostname="DESKTOP-UP2LI8Q" failures="0" tests="5" name="Default test" time="0.107" errors="0" timestamp="2024-04-19T15:07:24 IST">
  <testcase classname="com.viridium.qa.base.BaseClass" name="@BeforeClass openBrowserCreateProject" time="-1.713519444756E9">
    <failure type="org.testng.TestNGException" message="
Parameter &amp;apos;browser_name&amp;apos; is required by BeforeClass on method openBrowserCreateProject but has not been marked @Optional or defined
in C:\Users\Iauro\AppData\Local\Temp\testng-eclipse-1962712792\testng-customsuite.xml">
      <![CDATA[org.testng.TestNGException: 
Parameter 'browser_name' is required by BeforeClass on method openBrowserCreateProject but has not been marked @Optional or defined
in C:\Users\Iauro\AppData\Local\Temp\testng-eclipse-1962712792\testng-customsuite.xml
at org.testng.internal.Parameters.createParams(Parameters.java:267)
at org.testng.internal.Parameters.createParametersForMethod(Parameters.java:355)
at org.testng.internal.Parameters.createParameters(Parameters.java:684)
at org.testng.internal.Parameters.createConfigurationParameters(Parameters.java:166)
at org.testng.internal.invokers.ConfigInvoker.invokeConfigurations(ConfigInvoker.java:277)
at org.testng.internal.invokers.TestMethodWorker.invokeBeforeClassMethods(TestMethodWorker.java:180)
at org.testng.internal.invokers.TestMethodWorker.run(TestMethodWorker.java:122)
at java.base/java.util.ArrayList.forEach(ArrayList.java:1511)
at org.testng.TestRunner.privateRun(TestRunner.java:829)
at org.testng.TestRunner.run(TestRunner.java:602)
at org.testng.SuiteRunner.runTest(SuiteRunner.java:437)
at org.testng.SuiteRunner.runSequentially(SuiteRunner.java:431)
at org.testng.SuiteRunner.privateRun(SuiteRunner.java:391)
at org.testng.SuiteRunner.run(SuiteRunner.java:330)
at org.testng.SuiteRunnerWorker.runSuite(SuiteRunnerWorker.java:52)
at org.testng.SuiteRunnerWorker.run(SuiteRunnerWorker.java:95)
at org.testng.TestNG.runSuitesSequentially(TestNG.java:1256)
at org.testng.TestNG.runSuitesLocally(TestNG.java:1176)
at org.testng.TestNG.runSuites(TestNG.java:1099)
at org.testng.TestNG.run(TestNG.java:1067)
at org.testng.remote.AbstractRemoteTestNG.run(AbstractRemoteTestNG.java:115)
at org.testng.remote.RemoteTestNG.initAndRun(RemoteTestNG.java:251)
at org.testng.remote.RemoteTestNG.main(RemoteTestNG.java:77)
]]>
    </failure>
  </testcase> <!-- @BeforeClass openBrowserCreateProject -->
  <testcase classname="com.viridium.qa.base.BaseClass" name="@AfterClass teardown" time="0.0">
    <skipped/>
  </testcase> <!-- @AfterClass teardown -->
  <testcase classname="com.viridium.qa.tests.TestCases" name="login" time="0.0">
    <skipped/>
  </testcase> <!-- login -->
  <testcase classname="com.viridium.qa.tests.TestCases" name="checkProductProfitabilityMenuVisible" time="0.0">
    <skipped/>
  </testcase> <!-- checkProductProfitabilityMenuVisible -->
  <testcase classname="com.viridium.qa.tests.TestCases" name="checkCarbonEmissionMenuVisible" time="0.0">
    <skipped/>
  </testcase> <!-- checkCarbonEmissionMenuVisible -->
  <testcase classname="com.viridium.qa.tests.TestCases" name="checkPFASCHemicalsMenuVisible" time="0.0">
    <skipped/>
  </testcase> <!-- checkPFASCHemicalsMenuVisible -->
  <testcase classname="com.viridium.qa.tests.TestCases" name="checkRegulatoryReportsMenuVisible" time="0.0">
    <skipped/>
  </testcase> <!-- checkRegulatoryReportsMenuVisible -->
</testsuite> <!-- Default test -->
