<?xml version="1.0" encoding="UTF-8"?>
<!-- Generated by org.testng.reporters.JUnitReportReporter -->
<testsuite hostname="DESKTOP-UP2LI8Q" failures="0" tests="6" name="com.viridium.qa.tests.TestCases" time="-1713519488.000" errors="1" timestamp="2024-04-19T15:07:25 IST" skipped="5">
  <testcase classname="com.viridium.qa.tests.TestCases" name="openBrowserCreateProject" time="-1713519488.000">
    <error message="
Parameter &#039;browser_name&#039; is required by BeforeClass on method openBrowserCreateProject but has not been marked @Optional or defined
in C:\Users\Iauro\AppData\Local\Temp\testng-eclipse-1962712792\testng-customsuite.xml" type="org.testng.TestNGException">
      <![CDATA[org.testng.TestNGException: 
Parameter 'browser_name' is required by BeforeClass on method openBrowserCreateProject but has not been marked @Optional or defined
in C:\Users\Iauro\AppData\Local\Temp\testng-eclipse-1962712792\testng-customsuite.xml
at org.testng.internal.Parameters.createParams(Parameters.java:267)
at org.testng.internal.Parameters.createParametersForMethod(Parameters.java:355)
at org.testng.internal.Parameters.createParameters(Parameters.java:684)
at org.testng.internal.Parameters.createConfigurationParameters(Parameters.java:166)
at org.testng.internal.invokers.ConfigInvoker.invokeConfigurations(ConfigInvoker.java:277)
at org.testng.internal.invokers.TestMethodWorker.invokeBeforeClassMethods(TestMethodWorker.java:180)
at org.testng.internal.invokers.TestMethodWorker.run(TestMethodWorker.java:122)
at java.base/java.util.ArrayList.forEach(ArrayList.java:1511)
at org.testng.TestRunner.privateRun(TestRunner.java:829)
at org.testng.TestRunner.run(TestRunner.java:602)
at org.testng.SuiteRunner.runTest(SuiteRunner.java:437)
at org.testng.SuiteRunner.runSequentially(SuiteRunner.java:431)
at org.testng.SuiteRunner.privateRun(SuiteRunner.java:391)
at org.testng.SuiteRunner.run(SuiteRunner.java:330)
at org.testng.SuiteRunnerWorker.runSuite(SuiteRunnerWorker.java:52)
at org.testng.SuiteRunnerWorker.run(SuiteRunnerWorker.java:95)
at org.testng.TestNG.runSuitesSequentially(TestNG.java:1256)
at org.testng.TestNG.runSuitesLocally(TestNG.java:1176)
at org.testng.TestNG.runSuites(TestNG.java:1099)
at org.testng.TestNG.run(TestNG.java:1067)
at org.testng.remote.AbstractRemoteTestNG.run(AbstractRemoteTestNG.java:115)
at org.testng.remote.RemoteTestNG.initAndRun(RemoteTestNG.java:251)
at org.testng.remote.RemoteTestNG.main(RemoteTestNG.java:77)
]]>
    </error>
  </testcase> <!-- openBrowserCreateProject -->
  <system-out/>
  <testcase classname="com.viridium.qa.tests.TestCases" name="login" time="0.000">
    <skipped/>
  </testcase> <!-- login -->
  <system-out/>
  <testcase classname="com.viridium.qa.tests.TestCases" name="checkProductProfitabilityMenuVisible" time="0.000">
    <skipped/>
  </testcase> <!-- checkProductProfitabilityMenuVisible -->
  <system-out/>
  <testcase classname="com.viridium.qa.tests.TestCases" name="checkCarbonEmissionMenuVisible" time="0.000">
    <skipped/>
  </testcase> <!-- checkCarbonEmissionMenuVisible -->
  <system-out/>
  <testcase classname="com.viridium.qa.tests.TestCases" name="checkPFASCHemicalsMenuVisible" time="0.000">
    <skipped/>
  </testcase> <!-- checkPFASCHemicalsMenuVisible -->
  <system-out/>
  <testcase classname="com.viridium.qa.tests.TestCases" name="checkRegulatoryReportsMenuVisible" time="0.000">
    <skipped/>
  </testcase> <!-- checkRegulatoryReportsMenuVisible -->
  <system-out/>
</testsuite> <!-- com.viridium.qa.tests.TestCases -->
